<?xml version="1.0" encoding="UTF-8" ?>
<testsuites name="vitest tests" tests="165" failures="0" errors="0" time="29.4848434">
    <testsuite name="backend/tests/app.test.ts" timestamp="2025-07-02T12:57:18.310Z" hostname="DESKTOP-BGMEO6L" tests="10" failures="0" errors="0" skipped="0" time="0.036322">
        <testcase classname="backend/tests/app.test.ts" name="CanAI Backend Tests &gt; Basic Functionality &gt; should run a basic test" time="0.0044784">
        </testcase>
        <testcase classname="backend/tests/app.test.ts" name="CanAI Backend Tests &gt; Basic Functionality &gt; should handle async operations" time="0.0007435">
        </testcase>
        <testcase classname="backend/tests/app.test.ts" name="CanAI Backend Tests &gt; API Validation Logic &gt; should validate business name input" time="0.003665">
        </testcase>
        <testcase classname="backend/tests/app.test.ts" name="CanAI Backend Tests &gt; API Validation Logic &gt; should validate trust score calculation" time="0.0010536">
        </testcase>
        <testcase classname="backend/tests/app.test.ts" name="CanAI Backend Tests &gt; PRD Journey Stage Logic &gt; should validate F1 Discovery Hook requirements" time="0.0043201">
        </testcase>
        <testcase classname="backend/tests/app.test.ts" name="CanAI Backend Tests &gt; PRD Journey Stage Logic &gt; should validate F2 Discovery Funnel data structure" time="0.0012154">
        </testcase>
        <testcase classname="backend/tests/app.test.ts" name="CanAI Backend Tests &gt; PRD Journey Stage Logic &gt; should validate F3 Spark generation limits" time="0.000957">
        </testcase>
        <testcase classname="backend/tests/app.test.ts" name="CanAI Backend Tests &gt; Performance Requirements &gt; should meet PRD performance targets" time="0.0008462">
        </testcase>
        <testcase classname="backend/tests/app.test.ts" name="CanAI Backend Tests &gt; Security and Validation &gt; should sanitize user inputs" time="0.0019696">
        </testcase>
        <testcase classname="backend/tests/app.test.ts" name="CanAI Backend Tests &gt; Security and Validation &gt; should validate rate limiting logic" time="0.0099507">
        </testcase>
    </testsuite>
    <testsuite name="backend/tests/gpt4o.test.js" timestamp="2025-07-02T12:57:18.321Z" hostname="DESKTOP-BGMEO6L" tests="12" failures="0" errors="0" skipped="1" time="3.8978067">
        <testcase classname="backend/tests/gpt4o.test.js" name="GPT4Service &gt; Basic functionality &gt; countTokens returns correct token count for string" time="3.1522721">
            <system-out>
HUME_API_KEY: test_hume_key
hume at module load: {
  analyze: [Function: spy] {
    getMockName: [36m[Function (anonymous)][39m,
    mockName: [36m[Function (anonymous)][39m,
    mockClear: [36m[Function (anonymous)][39m,
    mockReset: [36m[Function (anonymous)][39m,
    mockRestore: [36m[Function (anonymous)][39m,
    getMockImplementation: [36m[Function (anonymous)][39m,
    mockImplementation: [36m[Function (anonymous)][39m,
    mockImplementationOnce: [36m[Function (anonymous)][39m,
    withImplementation: [36m[Function: withImplementation][39m,
    mockReturnThis: [36m[Function (anonymous)][39m,
    mockReturnValue: [36m[Function (anonymous)][39m,
    mockReturnValueOnce: [36m[Function (anonymous)][39m,
    mockResolvedValue: [36m[Function (anonymous)][39m,
    mockResolvedValueOnce: [36m[Function (anonymous)][39m,
    mockRejectedValue: [36m[Function (anonymous)][39m,
    mockRejectedValueOnce: [36m[Function (anonymous)][39m,
    [[32mSymbol(nodejs.dispose)[39m]: [36m[Function (anonymous)][39m
  }
}

tiktoken encoding_for_model mocked
mockEncode called with: hello world

            </system-out>
        </testcase>
        <testcase classname="backend/tests/gpt4o.test.js" name="GPT4Service &gt; Basic functionality &gt; chunkInput handles small input correctly" time="0.0906639">
            <system-out>
HUME_API_KEY: test_hume_key
hume at module load: {
  analyze: [Function: spy] {
    getMockName: [36m[Function (anonymous)][39m,
    mockName: [36m[Function (anonymous)][39m,
    mockClear: [36m[Function (anonymous)][39m,
    mockReset: [36m[Function (anonymous)][39m,
    mockRestore: [36m[Function (anonymous)][39m,
    getMockImplementation: [36m[Function (anonymous)][39m,
    mockImplementation: [36m[Function (anonymous)][39m,
    mockImplementationOnce: [36m[Function (anonymous)][39m,
    withImplementation: [36m[Function: withImplementation][39m,
    mockReturnThis: [36m[Function (anonymous)][39m,
    mockReturnValue: [36m[Function (anonymous)][39m,
    mockReturnValueOnce: [36m[Function (anonymous)][39m,
    mockResolvedValue: [36m[Function (anonymous)][39m,
    mockResolvedValueOnce: [36m[Function (anonymous)][39m,
    mockRejectedValue: [36m[Function (anonymous)][39m,
    mockRejectedValueOnce: [36m[Function (anonymous)][39m,
    [[32mSymbol(nodejs.dispose)[39m]: [36m[Function (anonymous)][39m
  }
}

tiktoken encoding_for_model mocked
mockEncode called with: small test input
mockDecode called with: [
  [33m115[39m, [33m109[39m,  [33m97[39m, [33m108[39m, [33m108[39m,
   [33m32[39m, [33m116[39m, [33m101[39m, [33m115[39m, [33m116[39m,
   [33m32[39m, [33m105[39m, [33m110[39m, [33m112[39m, [33m117[39m,
  [33m116[39m
]

            </system-out>
        </testcase>
        <testcase classname="backend/tests/gpt4o.test.js" name="GPT4Service &gt; Basic functionality &gt; chunkInput prioritizes businessDescription and revenueModel" time="0.1046856">
            <system-out>
HUME_API_KEY: test_hume_key
hume at module load: {
  analyze: [Function: spy] {
    getMockName: [36m[Function (anonymous)][39m,
    mockName: [36m[Function (anonymous)][39m,
    mockClear: [36m[Function (anonymous)][39m,
    mockReset: [36m[Function (anonymous)][39m,
    mockRestore: [36m[Function (anonymous)][39m,
    getMockImplementation: [36m[Function (anonymous)][39m,
    mockImplementation: [36m[Function (anonymous)][39m,
    mockImplementationOnce: [36m[Function (anonymous)][39m,
    withImplementation: [36m[Function: withImplementation][39m,
    mockReturnThis: [36m[Function (anonymous)][39m,
    mockReturnValue: [36m[Function (anonymous)][39m,
    mockReturnValueOnce: [36m[Function (anonymous)][39m,
    mockResolvedValue: [36m[Function (anonymous)][39m,
    mockResolvedValueOnce: [36m[Function (anonymous)][39m,
    mockRejectedValue: [36m[Function (anonymous)][39m,
    mockRejectedValueOnce: [36m[Function (anonymous)][39m,
    [[32mSymbol(nodejs.dispose)[39m]: [36m[Function (anonymous)][39m
  }
}

tiktoken encoding_for_model mocked
mockEncode called with: Main business description
Revenue model details
Other information
mockDecode called with: [
   [33m77[39m,  [33m97[39m, [33m105[39m, [33m110[39m,  [33m32[39m,  [33m98[39m, [33m117[39m, [33m115[39m, [33m105[39m, [33m110[39m,
  [33m101[39m, [33m115[39m, [33m115[39m,  [33m32[39m, [33m100[39m, [33m101[39m, [33m115[39m,  [33m99[39m, [33m114[39m, [33m105[39m,
  [33m112[39m, [33m116[39m, [33m105[39m, [33m111[39m, [33m110[39m,  [33m10[39m,  [33m82[39m, [33m101[39m, [33m118[39m, [33m101[39m,
  [33m110[39m, [33m117[39m, [33m101[39m,  [33m32[39m, [33m109[39m, [33m111[39m, [33m100[39m, [33m101[39m, [33m108[39m,  [33m32[39m,
  [33m100[39m, [33m101[39m, [33m116[39m,  [33m97[39m, [33m105[39m, [33m108[39m, [33m115[39m,  [33m10[39m,  [33m79[39m, [33m116[39m,
  [33m104[39m, [33m101[39m, [33m114[39m,  [33m32[39m, [33m105[39m, [33m110[39m, [33m102[39m, [33m111[39m, [33m114[39m, [33m109[39m,
   [33m97[39m, [33m116[39m, [33m105[39m, [33m111[39m, [33m110[39m
]

            </system-out>
        </testcase>
        <testcase classname="backend/tests/gpt4o.test.js" name="GPT4Service &gt; calculateCost &gt; logs to prompt_logs and triggers support_requests when cost exceeds $50" time="0.0655623">
            <system-out>
HUME_API_KEY: test_hume_key
hume at module load: {
  analyze: [Function: spy] {
    getMockName: [36m[Function (anonymous)][39m,
    mockName: [36m[Function (anonymous)][39m,
    mockClear: [36m[Function (anonymous)][39m,
    mockReset: [36m[Function (anonymous)][39m,
    mockRestore: [36m[Function (anonymous)][39m,
    getMockImplementation: [36m[Function (anonymous)][39m,
    mockImplementation: [36m[Function (anonymous)][39m,
    mockImplementationOnce: [36m[Function (anonymous)][39m,
    withImplementation: [36m[Function: withImplementation][39m,
    mockReturnThis: [36m[Function (anonymous)][39m,
    mockReturnValue: [36m[Function (anonymous)][39m,
    mockReturnValueOnce: [36m[Function (anonymous)][39m,
    mockResolvedValue: [36m[Function (anonymous)][39m,
    mockResolvedValueOnce: [36m[Function (anonymous)][39m,
    mockRejectedValue: [36m[Function (anonymous)][39m,
    mockRejectedValueOnce: [36m[Function (anonymous)][39m,
    [[32mSymbol(nodejs.dispose)[39m]: [36m[Function (anonymous)][39m
  }
}

            </system-out>
        </testcase>
        <testcase classname="backend/tests/gpt4o.test.js" name="GPT4Service &gt; calculateCost &gt; does not trigger support_requests when cost is under $50" time="0.0531996">
            <system-out>
HUME_API_KEY: test_hume_key
hume at module load: {
  analyze: [Function: spy] {
    getMockName: [36m[Function (anonymous)][39m,
    mockName: [36m[Function (anonymous)][39m,
    mockClear: [36m[Function (anonymous)][39m,
    mockReset: [36m[Function (anonymous)][39m,
    mockRestore: [36m[Function (anonymous)][39m,
    getMockImplementation: [36m[Function (anonymous)][39m,
    mockImplementation: [36m[Function (anonymous)][39m,
    mockImplementationOnce: [36m[Function (anonymous)][39m,
    withImplementation: [36m[Function: withImplementation][39m,
    mockReturnThis: [36m[Function (anonymous)][39m,
    mockReturnValue: [36m[Function (anonymous)][39m,
    mockReturnValueOnce: [36m[Function (anonymous)][39m,
    mockResolvedValue: [36m[Function (anonymous)][39m,
    mockResolvedValueOnce: [36m[Function (anonymous)][39m,
    mockRejectedValue: [36m[Function (anonymous)][39m,
    mockRejectedValueOnce: [36m[Function (anonymous)][39m,
    [[32mSymbol(nodejs.dispose)[39m]: [36m[Function (anonymous)][39m
  }
}

            </system-out>
        </testcase>
        <testcase classname="backend/tests/gpt4o.test.js" name="GPT4Service &gt; validateResponse &gt; validates response with high resonance and trustDelta" time="0">
            <skipped/>
        </testcase>
        <testcase classname="backend/tests/gpt4o.test.js" name="GPT4Service &gt; validateResponse &gt; invalidates response with low resonance" time="0.0869033">
            <system-out>
HUME_API_KEY: test_hume_key
hume at module load: {
  analyze: [Function: spy] {
    getMockName: [36m[Function (anonymous)][39m,
    mockName: [36m[Function (anonymous)][39m,
    mockClear: [36m[Function (anonymous)][39m,
    mockReset: [36m[Function (anonymous)][39m,
    mockRestore: [36m[Function (anonymous)][39m,
    getMockImplementation: [36m[Function (anonymous)][39m,
    mockImplementation: [36m[Function (anonymous)][39m,
    mockImplementationOnce: [36m[Function (anonymous)][39m,
    withImplementation: [36m[Function: withImplementation][39m,
    mockReturnThis: [36m[Function (anonymous)][39m,
    mockReturnValue: [36m[Function (anonymous)][39m,
    mockReturnValueOnce: [36m[Function (anonymous)][39m,
    mockResolvedValue: [36m[Function (anonymous)][39m,
    mockResolvedValueOnce: [36m[Function (anonymous)][39m,
    mockRejectedValue: [36m[Function (anonymous)][39m,
    mockRejectedValueOnce: [36m[Function (anonymous)][39m,
    [[32mSymbol(nodejs.dispose)[39m]: [36m[Function (anonymous)][39m
  }
}

            </system-out>
        </testcase>
        <testcase classname="backend/tests/gpt4o.test.js" name="GPT4Service &gt; validateResponse &gt; invalidates response with low trustDelta" time="0.0755677">
            <system-out>
HUME_API_KEY: test_hume_key
hume at module load: {
  analyze: [Function: spy] {
    getMockName: [36m[Function (anonymous)][39m,
    mockName: [36m[Function (anonymous)][39m,
    mockClear: [36m[Function (anonymous)][39m,
    mockReset: [36m[Function (anonymous)][39m,
    mockRestore: [36m[Function (anonymous)][39m,
    getMockImplementation: [36m[Function (anonymous)][39m,
    mockImplementation: [36m[Function (anonymous)][39m,
    mockImplementationOnce: [36m[Function (anonymous)][39m,
    withImplementation: [36m[Function: withImplementation][39m,
    mockReturnThis: [36m[Function (anonymous)][39m,
    mockReturnValue: [36m[Function (anonymous)][39m,
    mockReturnValueOnce: [36m[Function (anonymous)][39m,
    mockResolvedValue: [36m[Function (anonymous)][39m,
    mockResolvedValueOnce: [36m[Function (anonymous)][39m,
    mockRejectedValue: [36m[Function (anonymous)][39m,
    mockRejectedValueOnce: [36m[Function (anonymous)][39m,
    [[32mSymbol(nodejs.dispose)[39m]: [36m[Function (anonymous)][39m
  }
}

            </system-out>
        </testcase>
        <testcase classname="backend/tests/gpt4o.test.js" name="GPT4Service &gt; validateResponse &gt; detects toxic content" time="0.061512">
            <system-out>
HUME_API_KEY: test_hume_key
hume at module load: {
  analyze: [Function: spy] {
    getMockName: [36m[Function (anonymous)][39m,
    mockName: [36m[Function (anonymous)][39m,
    mockClear: [36m[Function (anonymous)][39m,
    mockReset: [36m[Function (anonymous)][39m,
    mockRestore: [36m[Function (anonymous)][39m,
    getMockImplementation: [36m[Function (anonymous)][39m,
    mockImplementation: [36m[Function (anonymous)][39m,
    mockImplementationOnce: [36m[Function (anonymous)][39m,
    withImplementation: [36m[Function: withImplementation][39m,
    mockReturnThis: [36m[Function (anonymous)][39m,
    mockReturnValue: [36m[Function (anonymous)][39m,
    mockReturnValueOnce: [36m[Function (anonymous)][39m,
    mockResolvedValue: [36m[Function (anonymous)][39m,
    mockResolvedValueOnce: [36m[Function (anonymous)][39m,
    mockRejectedValue: [36m[Function (anonymous)][39m,
    mockRejectedValueOnce: [36m[Function (anonymous)][39m,
    [[32mSymbol(nodejs.dispose)[39m]: [36m[Function (anonymous)][39m
  }
}

            </system-out>
        </testcase>
        <testcase classname="backend/tests/gpt4o.test.js" name="GPT4Service &gt; validateResponse &gt; detects WCAG accessibility issues" time="0.0691833">
            <system-out>
HUME_API_KEY: test_hume_key
hume at module load: {
  analyze: [Function: spy] {
    getMockName: [36m[Function (anonymous)][39m,
    mockName: [36m[Function (anonymous)][39m,
    mockClear: [36m[Function (anonymous)][39m,
    mockReset: [36m[Function (anonymous)][39m,
    mockRestore: [36m[Function (anonymous)][39m,
    getMockImplementation: [36m[Function (anonymous)][39m,
    mockImplementation: [36m[Function (anonymous)][39m,
    mockImplementationOnce: [36m[Function (anonymous)][39m,
    withImplementation: [36m[Function: withImplementation][39m,
    mockReturnThis: [36m[Function (anonymous)][39m,
    mockReturnValue: [36m[Function (anonymous)][39m,
    mockReturnValueOnce: [36m[Function (anonymous)][39m,
    mockResolvedValue: [36m[Function (anonymous)][39m,
    mockResolvedValueOnce: [36m[Function (anonymous)][39m,
    mockRejectedValue: [36m[Function (anonymous)][39m,
    mockRejectedValueOnce: [36m[Function (anonymous)][39m,
    [[32mSymbol(nodejs.dispose)[39m]: [36m[Function (anonymous)][39m
  }
}

            </system-out>
        </testcase>
        <testcase classname="backend/tests/gpt4o.test.js" name="GPT4Service &gt; validateResponse &gt; falls back to GPT-4o when Hume AI fails" time="0.0628087">
            <system-out>
HUME_API_KEY: test_hume_key
hume at module load: {
  analyze: [Function: spy] {
    getMockName: [36m[Function (anonymous)][39m,
    mockName: [36m[Function (anonymous)][39m,
    mockClear: [36m[Function (anonymous)][39m,
    mockReset: [36m[Function (anonymous)][39m,
    mockRestore: [36m[Function (anonymous)][39m,
    getMockImplementation: [36m[Function (anonymous)][39m,
    mockImplementation: [36m[Function (anonymous)][39m,
    mockImplementationOnce: [36m[Function (anonymous)][39m,
    withImplementation: [36m[Function: withImplementation][39m,
    mockReturnThis: [36m[Function (anonymous)][39m,
    mockReturnValue: [36m[Function (anonymous)][39m,
    mockReturnValueOnce: [36m[Function (anonymous)][39m,
    mockResolvedValue: [36m[Function (anonymous)][39m,
    mockResolvedValueOnce: [36m[Function (anonymous)][39m,
    mockRejectedValue: [36m[Function (anonymous)][39m,
    mockRejectedValueOnce: [36m[Function (anonymous)][39m,
    [[32mSymbol(nodejs.dispose)[39m]: [36m[Function (anonymous)][39m
  }
}

Fallback mock called with: Estimate emotional resonance (arousal 0-1, valence 0-1) as JSON: { &quot;arousal&quot;: &lt;float&gt;, &quot;valence&quot;: &lt;float&gt; }
Text: Fallback test with over 100 characters.

            </system-out>
        </testcase>
        <testcase classname="backend/tests/gpt4o.test.js" name="GPT4Service &gt; validateResponse &gt; logs validation results to comparisons table" time="0.067793">
            <system-out>
HUME_API_KEY: test_hume_key
hume at module load: {
  analyze: [Function: spy] {
    getMockName: [36m[Function (anonymous)][39m,
    mockName: [36m[Function (anonymous)][39m,
    mockClear: [36m[Function (anonymous)][39m,
    mockReset: [36m[Function (anonymous)][39m,
    mockRestore: [36m[Function (anonymous)][39m,
    getMockImplementation: [36m[Function (anonymous)][39m,
    mockImplementation: [36m[Function (anonymous)][39m,
    mockImplementationOnce: [36m[Function (anonymous)][39m,
    withImplementation: [36m[Function: withImplementation][39m,
    mockReturnThis: [36m[Function (anonymous)][39m,
    mockReturnValue: [36m[Function (anonymous)][39m,
    mockReturnValueOnce: [36m[Function (anonymous)][39m,
    mockResolvedValue: [36m[Function (anonymous)][39m,
    mockResolvedValueOnce: [36m[Function (anonymous)][39m,
    mockRejectedValue: [36m[Function (anonymous)][39m,
    mockRejectedValueOnce: [36m[Function (anonymous)][39m,
    [[32mSymbol(nodejs.dispose)[39m]: [36m[Function (anonymous)][39m
  }
}

            </system-out>
        </testcase>
    </testsuite>
    <testsuite name="backend/tests/keySafety.test.js" timestamp="2025-07-02T12:57:18.331Z" hostname="DESKTOP-BGMEO6L" tests="1" failures="0" errors="0" skipped="0" time="0.0100997">
        <testcase classname="backend/tests/keySafety.test.js" name="API Key Safety &gt; should use only dummy keys in test environment" time="0.0045997">
        </testcase>
    </testsuite>
    <testsuite name="backend/tests/prompts.test.js" timestamp="2025-07-02T12:57:18.333Z" hostname="DESKTOP-BGMEO6L" tests="4" failures="0" errors="0" skipped="4" time="0">
        <testcase classname="backend/tests/prompts.test.js" name="Prompt Templates &gt; Social Media Template generates valid campaign" time="0">
            <skipped/>
        </testcase>
        <testcase classname="backend/tests/prompts.test.js" name="Prompt Templates &gt; Website Audit Template generates valid audit" time="0">
            <skipped/>
        </testcase>
        <testcase classname="backend/tests/prompts.test.js" name="Prompt Templates &gt; Framework validates inputs with regex" time="0">
            <skipped/>
        </testcase>
        <testcase classname="backend/tests/prompts.test.js" name="Prompt Templates &gt; Framework stores and retrieves template version" time="0">
            <skipped/>
        </testcase>
    </testsuite>
    <testsuite name="backend/tests/integration/emotionalAnalysis.api.test.js" timestamp="2025-07-02T12:57:18.338Z" hostname="DESKTOP-BGMEO6L" tests="16" failures="0" errors="0" skipped="0" time="0.0816703">
        <testcase classname="backend/tests/integration/emotionalAnalysis.api.test.js" name="Emotional Analysis API Logic &gt; Service Layer Tests &gt; should have the emotional analysis service available" time="0.0135601">
        </testcase>
        <testcase classname="backend/tests/integration/emotionalAnalysis.api.test.js" name="Emotional Analysis API Logic &gt; Service Layer Tests &gt; should be able to create HumeService instance" time="0.0059314">
        </testcase>
        <testcase classname="backend/tests/integration/emotionalAnalysis.api.test.js" name="Emotional Analysis API Logic &gt; Service Layer Tests &gt; should handle emotion analysis request structure" time="0.0051585">
        </testcase>
        <testcase classname="backend/tests/integration/emotionalAnalysis.api.test.js" name="Emotional Analysis API Logic &gt; Authentication Logic (PRD Section 7.2, 8.3) &gt; should validate JWT tokens properly" time="0.0105862">
        </testcase>
        <testcase classname="backend/tests/integration/emotionalAnalysis.api.test.js" name="Emotional Analysis API Logic &gt; Authentication Logic (PRD Section 7.2, 8.3) &gt; should reject invalid JWT tokens" time="0.0037998">
        </testcase>
        <testcase classname="backend/tests/integration/emotionalAnalysis.api.test.js" name="Emotional Analysis API Logic &gt; Authentication Logic (PRD Section 7.2, 8.3) &gt; should handle production vs non-production auth modes" time="0.0014569">
        </testcase>
        <testcase classname="backend/tests/integration/emotionalAnalysis.api.test.js" name="Emotional Analysis API Logic &gt; Input Validation (PRD Section 7.2) &gt; should validate required fields for emotion analysis" time="0.0021928">
        </testcase>
        <testcase classname="backend/tests/integration/emotionalAnalysis.api.test.js" name="Emotional Analysis API Logic &gt; Input Validation (PRD Section 7.2) &gt; should validate UUID format for comparisonId" time="0.0015121">
        </testcase>
        <testcase classname="backend/tests/integration/emotionalAnalysis.api.test.js" name="Emotional Analysis API Logic &gt; Input Validation (PRD Section 7.2) &gt; should validate text length constraints" time="0.0089245">
        </testcase>
        <testcase classname="backend/tests/integration/emotionalAnalysis.api.test.js" name="Emotional Analysis API Logic &gt; Error Handling &amp; Fallbacks (PRD Section 9, 7.6, 8.3) &gt; should handle service failures gracefully" time="0.0020248">
        </testcase>
        <testcase classname="backend/tests/integration/emotionalAnalysis.api.test.js" name="Emotional Analysis API Logic &gt; Error Handling &amp; Fallbacks (PRD Section 9, 7.6, 8.3) &gt; should have fallback to GPT-4o when Hume fails" time="0.0019137">
        </testcase>
        <testcase classname="backend/tests/integration/emotionalAnalysis.api.test.js" name="Emotional Analysis API Logic &gt; Error Handling &amp; Fallbacks (PRD Section 9, 7.6, 8.3) &gt; should handle timeout scenarios" time="0.0030263">
        </testcase>
        <testcase classname="backend/tests/integration/emotionalAnalysis.api.test.js" name="Emotional Analysis API Logic &gt; Circuit Breaker Logic (PRD Section 9) &gt; should check circuit breaker state" time="0.0015383">
        </testcase>
        <testcase classname="backend/tests/integration/emotionalAnalysis.api.test.js" name="Emotional Analysis API Logic &gt; Circuit Breaker Logic (PRD Section 9) &gt; should handle circuit breaker open state" time="0.0013033">
        </testcase>
        <testcase classname="backend/tests/integration/emotionalAnalysis.api.test.js" name="Emotional Analysis API Logic &gt; Hume AI Integration (PRD Section 6.2, 7.6, 8.3) &gt; should call analyzeEmotion with correct parameters" time="0.0048502">
        </testcase>
        <testcase classname="backend/tests/integration/emotionalAnalysis.api.test.js" name="Emotional Analysis API Logic &gt; Hume AI Integration (PRD Section 6.2, 7.6, 8.3) &gt; should return proper emotional analysis structure" time="0.0050437">
        </testcase>
    </testsuite>
    <testsuite name="backend/tests/integration/emotionalAnalysis.integration.test.js" timestamp="2025-07-02T12:57:18.346Z" hostname="DESKTOP-BGMEO6L" tests="3" failures="0" errors="0" skipped="0" time="0.0211138">
        <testcase classname="backend/tests/integration/emotionalAnalysis.integration.test.js" name="Emotional Analysis Integration &gt; returns consistent output format across providers" time="0.0082823">
        </testcase>
        <testcase classname="backend/tests/integration/emotionalAnalysis.integration.test.js" name="Emotional Analysis Integration &gt; activates fallback on circuit breaker open" time="0.0060942">
        </testcase>
        <testcase classname="backend/tests/integration/emotionalAnalysis.integration.test.js" name="Emotional Analysis Integration &gt; enforces rate limiting and triggers fallback or error after limit" time="0.0014181">
        </testcase>
    </testsuite>
    <testsuite name="backend/tests/integration/posthog.integration.test.js" timestamp="2025-07-02T12:57:18.353Z" hostname="DESKTOP-BGMEO6L" tests="1" failures="0" errors="0" skipped="0" time="0.0331225">
        <testcase classname="backend/tests/integration/posthog.integration.test.js" name="PostHog Integration &gt; sends funnel_step event to PostHog dashboard (placeholder)" time="0.010546">
        </testcase>
    </testsuite>
    <testsuite name="backend/tests/integration/rls-policies.test.js" timestamp="2025-07-02T12:57:18.355Z" hostname="DESKTOP-BGMEO6L" tests="2" failures="0" errors="0" skipped="1" time="0.0092396">
        <testcase classname="backend/tests/integration/rls-policies.test.js" name="JWT Regression &gt; should have TEST_ADMIN_JWT set in env" time="0.0040549">
        </testcase>
        <testcase classname="backend/tests/integration/rls-policies.test.js" name="Supabase RLS Policies - Core Tables &gt; Supabase RLS Policies - Core Tables &gt; skipped: TEST_ADMIN_JWT is expired or invalid (see PRD.md section 6.1)" time="0">
            <skipped/>
        </testcase>
    </testsuite>
    <testsuite name="backend/tests/integration/stripe.integration.test.js" timestamp="2025-07-02T12:57:18.357Z" hostname="DESKTOP-BGMEO6L" tests="14" failures="0" errors="0" skipped="0" time="1.2690082">
        <testcase classname="backend/tests/integration/stripe.integration.test.js" name="Stripe Payment Integration &gt; End-to-end checkout session creation &gt; creates session and logs to payment_logs successfully" time="0.0163111">
        </testcase>
        <testcase classname="backend/tests/integration/stripe.integration.test.js" name="Stripe Payment Integration &gt; End-to-end checkout session creation &gt; handles all supported product tracks correctly" time="0.003103">
        </testcase>
        <testcase classname="backend/tests/integration/stripe.integration.test.js" name="Stripe Payment Integration &gt; Error handling and resilience &gt; handles Supabase database errors gracefully" time="0.0039438">
        </testcase>
        <testcase classname="backend/tests/integration/stripe.integration.test.js" name="Stripe Payment Integration &gt; Error handling and resilience &gt; handles Stripe API errors" time="0.0018355">
        </testcase>
        <testcase classname="backend/tests/integration/stripe.integration.test.js" name="Stripe Payment Integration &gt; Error handling and resilience &gt; handles invalid or inactive product configurations" time="0.0029958">
        </testcase>
        <testcase classname="backend/tests/integration/stripe.integration.test.js" name="Stripe Payment Integration &gt; Payment logging integration &gt; logs successful session creation to payment_logs" time="0.0033437">
        </testcase>
        <testcase classname="backend/tests/integration/stripe.integration.test.js" name="Stripe Payment Integration &gt; Payment logging integration &gt; logs failed session creation attempts" time="0.0017099">
        </testcase>
        <testcase classname="backend/tests/integration/stripe.integration.test.js" name="Stripe Payment Integration &gt; Idempotency and session management &gt; generates unique idempotency keys for different requests" time="0.022823">
        </testcase>
        <testcase classname="backend/tests/integration/stripe.integration.test.js" name="Stripe Payment Integration &gt; Idempotency and session management &gt; uses provided idempotency key when specified" time="0.0027013">
        </testcase>
        <testcase classname="backend/tests/integration/stripe.integration.test.js" name="Stripe Payment Integration &gt; URL configuration &gt; uses environment-based success and cancel URLs" time="0.0023069">
        </testcase>
        <testcase classname="backend/tests/integration/stripe.integration.test.js" name="Stripe Payment Integration &gt; URL configuration &gt; falls back to CLIENT_URL when specific URLs not set" time="0.0014004">
        </testcase>
        <testcase classname="backend/tests/integration/stripe.integration.test.js" name="Stripe Webhook Integration &gt; triggers Make.com scenario on checkout.session.completed" time="0.8525191">
        </testcase>
        <testcase classname="backend/tests/integration/stripe.integration.test.js" name="Stripe Webhook Integration &gt; does not trigger Make.com scenario more than once for the same session (idempotency)" time="0.002468">
        </testcase>
        <testcase classname="backend/tests/integration/stripe.integration.test.js" name="Stripe Webhook Health Check &gt; returns 200 and status ok for /webhook/health" time="0.3453157">
        </testcase>
    </testsuite>
    <testsuite name="backend/tests/unit/hume.test.js" timestamp="2025-07-02T12:57:18.363Z" hostname="DESKTOP-BGMEO6L" tests="18" failures="0" errors="0" skipped="0" time="0.08221">
        <testcase classname="backend/tests/unit/hume.test.js" name="HumeService &gt; throws if HUME_API_KEY is missing" time="0.0111064">
        </testcase>
        <testcase classname="backend/tests/unit/hume.test.js" name="HumeService &gt; initializes and stores key in Supabase" time="0.0072347">
        </testcase>
        <testcase classname="backend/tests/unit/hume.test.js" name="HumeService &gt; enforces rate limiting" time="0.0031757">
        </testcase>
        <testcase classname="backend/tests/unit/hume.test.js" name="KeyManagementService &gt; rotates Hume API key and stores in Supabase" time="0.0029249">
        </testcase>
        <testcase classname="backend/tests/unit/hume.test.js" name="KeyManagementService &gt; returns null if Supabase upsert fails" time="0.0143746">
        </testcase>
        <testcase classname="backend/tests/unit/hume.test.js" name="KeyManagementService &gt; throws if generated key is invalid" time="0.0014895">
        </testcase>
        <testcase classname="backend/tests/unit/hume.test.js" name="KeyManagementService &gt; calls Supabase.from and upsert with correct arguments" time="0.0090916">
        </testcase>
        <testcase classname="backend/tests/unit/hume.test.js" name="HumeCircuitBreaker &gt; starts in CLOSED state" time="0.0008263">
        </testcase>
        <testcase classname="backend/tests/unit/hume.test.js" name="HumeCircuitBreaker &gt; transitions to OPEN after threshold failures" time="0.0013979">
        </testcase>
        <testcase classname="backend/tests/unit/hume.test.js" name="HumeCircuitBreaker &gt; transitions to HALF_OPEN after reset timeout" time="0.0094465">
        </testcase>
        <testcase classname="backend/tests/unit/hume.test.js" name="HumeCircuitBreaker &gt; resets to CLOSED on success in HALF_OPEN" time="0.0006727">
        </testcase>
        <testcase classname="backend/tests/unit/hume.test.js" name="EmotionalScorer &gt; normalizes scores within 0-1" time="0.0007067">
        </testcase>
        <testcase classname="backend/tests/unit/hume.test.js" name="EmotionalScorer &gt; validates scores above threshold" time="0.0005282">
        </testcase>
        <testcase classname="backend/tests/unit/hume.test.js" name="EmotionalScorer &gt; invalidates scores below threshold" time="0.0004047">
        </testcase>
        <testcase classname="backend/tests/unit/hume.test.js" name="HumeService emotional scoring &gt; returns normalized and validated score" time="0.0024902">
        </testcase>
        <testcase classname="backend/tests/unit/hume.test.js" name="HumeService emotional scoring &gt; throws if score is below threshold" time="0.0032804">
        </testcase>
        <testcase classname="backend/tests/unit/hume.test.js" name="HumeService fallback logic &gt; uses fallback when circuit breaker is open" time="0.0022018">
        </testcase>
        <testcase classname="backend/tests/unit/hume.test.js" name="HumeService fallback logic &gt; uses fallback when score is below threshold" time="0.0026015">
        </testcase>
    </testsuite>
    <testsuite name="backend/tests/unit/posthog.test.js" timestamp="2025-07-02T12:57:18.374Z" hostname="DESKTOP-BGMEO6L" tests="11" failures="0" errors="0" skipped="0" time="0.2385571">
        <testcase classname="backend/tests/unit/posthog.test.js" name="posthog.js analytics logic &gt; Event validation &gt; validates a correct funnel_step event" time="0.0701581">
            <system-out>
[PostHog] Connection validated. Analytics enabled.

            </system-out>
        </testcase>
        <testcase classname="backend/tests/unit/posthog.test.js" name="posthog.js analytics logic &gt; Event validation &gt; rejects a funnel_step event missing stepName" time="0.0183118">
            <system-out>
[PostHog] Connection validated. Analytics enabled.

            </system-out>
        </testcase>
        <testcase classname="backend/tests/unit/posthog.test.js" name="posthog.js analytics logic &gt; PII scrubbing &gt; removes email, name, phone, userId" time="0.0086246">
            <system-out>
[PostHog] Connection validated. Analytics enabled.

            </system-out>
        </testcase>
        <testcase classname="backend/tests/unit/posthog.test.js" name="posthog.js analytics logic &gt; Session management &gt; creates and retrieves a session" time="0.0083911">
            <system-out>
[PostHog] Connection validated. Analytics enabled.

            </system-out>
        </testcase>
        <testcase classname="backend/tests/unit/posthog.test.js" name="posthog.js analytics logic &gt; Session management &gt; ends a session and marks as ended" time="0.0053073">
            <system-out>
[PostHog] Connection validated. Analytics enabled.

            </system-out>
        </testcase>
        <testcase classname="backend/tests/unit/posthog.test.js" name="posthog.js analytics logic &gt; Event enrichment &gt; adds appVersion, environment, deploymentId to events" time="0.0062268">
            <system-out>
[PostHog] Connection validated. Analytics enabled.

            </system-out>
        </testcase>
        <testcase classname="backend/tests/unit/posthog.test.js" name="posthog.js analytics logic &gt; Event tracking &gt; tracks funnel_step event correctly" time="0.0192538">
            <system-out>
[PostHog] Connection validated. Analytics enabled.

            </system-out>
        </testcase>
        <testcase classname="backend/tests/unit/posthog.test.js" name="posthog.js analytics logic &gt; Event tracking &gt; tracks api_latency event correctly" time="0.0113393">
            <system-out>
[PostHog] Connection validated. Analytics enabled.

            </system-out>
        </testcase>
        <testcase classname="backend/tests/unit/posthog.test.js" name="posthog.js analytics logic &gt; Event tracking &gt; tracks error_occurred event correctly" time="0.0086479">
            <system-out>
[PostHog] Connection validated. Analytics enabled.

            </system-out>
        </testcase>
        <testcase classname="backend/tests/unit/posthog.test.js" name="posthog.js analytics logic &gt; Event tracking &gt; tracks user_action event correctly" time="0.009629">
            <system-out>
[PostHog] Connection validated. Analytics enabled.

            </system-out>
        </testcase>
        <testcase classname="backend/tests/unit/posthog.test.js" name="posthog.js analytics logic &gt; Batching &gt; batches events according to flushAt" time="0.0623766">
            <system-out>
[PostHog] Connection validated. Analytics enabled.

            </system-out>
        </testcase>
    </testsuite>
    <testsuite name="backend/tests/unit/stripe.test.js" timestamp="2025-07-02T12:57:18.383Z" hostname="DESKTOP-BGMEO6L" tests="17" failures="0" errors="0" skipped="0" time="8.2378346">
        <testcase classname="backend/tests/unit/stripe.test.js" name="Stripe Service &gt; Stripe Client Initialization &gt; initializes Stripe client successfully" time="0.1262856">
        </testcase>
        <testcase classname="backend/tests/unit/stripe.test.js" name="Stripe Service &gt; Stripe Client Initialization &gt; tests Stripe connection successfully" time="0.0024548">
        </testcase>
        <testcase classname="backend/tests/unit/stripe.test.js" name="Stripe Service &gt; Stripe Client Initialization &gt; handles connection failures" time="0.0049818">
        </testcase>
        <testcase classname="backend/tests/unit/stripe.test.js" name="Stripe Service &gt; Stripe Checkout Service &gt; creates checkout session successfully" time="0.0224045">
        </testcase>
        <testcase classname="backend/tests/unit/stripe.test.js" name="Stripe Service &gt; Stripe Checkout Service &gt; handles different product tracks" time="0.0018609">
        </testcase>
        <testcase classname="backend/tests/unit/stripe.test.js" name="Stripe Service &gt; Stripe Checkout Service &gt; includes metadata in checkout session" time="0.0024356">
        </testcase>
        <testcase classname="backend/tests/unit/stripe.test.js" name="Stripe Service &gt; Stripe Checkout Service &gt; handles Stripe API errors" time="0.0020882">
        </testcase>
        <testcase classname="backend/tests/unit/stripe.test.js" name="Stripe Service &gt; Stripe Checkout Service &gt; validates pricing data from Supabase" time="0.0017438">
        </testcase>
        <testcase classname="backend/tests/unit/stripe.test.js" name="Stripe Service &gt; Stripe Checkout Service &gt; logs payment events to Supabase" time="0.0021368">
        </testcase>
        <testcase classname="backend/tests/unit/stripe.test.js" name="Stripe Service &gt; Stripe Checkout Service &gt; generates unique idempotency keys" time="0.00262">
        </testcase>
        <testcase classname="backend/tests/unit/stripe.test.js" name="Stripe Service &gt; Stripe Checkout Service &gt; uses provided idempotency key when specified" time="0.0017003">
        </testcase>
        <testcase classname="backend/tests/unit/stripe.test.js" name="Stripe Service &gt; Stripe Checkout Service &gt; configures automatic tax and billing address collection" time="0.0025445">
        </testcase>
        <testcase classname="backend/tests/unit/stripe.test.js" name="Stripe Service &gt; Stripe Checkout Service &gt; Correlation ID propagation &gt; passes metadata.correlation_id through to Stripe" time="0.0017584">
        </testcase>
        <testcase classname="backend/tests/unit/stripe.test.js" name="Stripe Service &gt; Stripe Checkout Service &gt; Correlation ID propagation &gt; handles missing correlation_id gracefully" time="0.0017221">
        </testcase>
        <testcase classname="backend/tests/unit/stripe.test.js" name="Stripe Service &gt; Stripe Checkout Service &gt; Retry logic on transient failures &gt; retries once when a transient error is thrown" time="1.0142958">
        </testcase>
        <testcase classname="backend/tests/unit/stripe.test.js" name="Stripe Service &gt; Stripe Checkout Service &gt; Retry logic on transient failures &gt; does not retry on non-retryable errors" time="0.002552">
        </testcase>
        <testcase classname="backend/tests/unit/stripe.test.js" name="Stripe Service &gt; Stripe Checkout Service &gt; Retry logic on transient failures &gt; exhausts retry attempts and throws final error" time="7.0381996">
        </testcase>
    </testsuite>
    <testsuite name="backend/tests/unit/stripeWebhook.test.js" timestamp="2025-07-02T12:57:18.391Z" hostname="DESKTOP-BGMEO6L" tests="13" failures="0" errors="0" skipped="0" time="8.2939079">
        <testcase classname="backend/tests/unit/stripeWebhook.test.js" name="Stripe Webhook Handler &gt; should return 500 if STRIPE_WEBHOOK_SECRET is not configured" time="0.1545694">
        </testcase>
        <testcase classname="backend/tests/unit/stripeWebhook.test.js" name="Stripe Webhook Handler &gt; should return 400 if signature verification fails" time="0.0218079">
        </testcase>
        <testcase classname="backend/tests/unit/stripeWebhook.test.js" name="Stripe Webhook Handler &gt; Event Handling &gt; should handle checkout.session.completed event" time="0.0268209">
        </testcase>
        <testcase classname="backend/tests/unit/stripeWebhook.test.js" name="Stripe Webhook Handler &gt; Event Handling &gt; should handle payment_intent.succeeded event" time="0.0157007">
        </testcase>
        <testcase classname="backend/tests/unit/stripeWebhook.test.js" name="Stripe Webhook Handler &gt; Event Handling &gt; should handle payment_intent.payment_failed event" time="0.0267681">
        </testcase>
        <testcase classname="backend/tests/unit/stripeWebhook.test.js" name="Stripe Webhook Handler &gt; Event Handling &gt; should handle charge.dispute.created event" time="0.0170683">
        </testcase>
        <testcase classname="backend/tests/unit/stripeWebhook.test.js" name="Stripe Webhook Handler &gt; Event Handling &gt; should log and ignore unhandled event types" time="0.0138361">
        </testcase>
        <testcase classname="backend/tests/unit/stripeWebhook.test.js" name="Stripe Webhook Handler &gt; Event Handling &gt; should capture exception if an event handler fails" time="0.0198575">
        </testcase>
        <testcase classname="backend/tests/unit/stripeWebhook.test.js" name="Stripe Webhook Handler &gt; Event Handling &gt; should capture exception if Make.com webhook fails after retries" time="7.073498">
        </testcase>
        <testcase classname="backend/tests/unit/stripeWebhook.test.js" name="Sensitive data redaction in payment logs &gt; should redact sensitive fields from metadata before logging" time="0.0094706">
        </testcase>
        <testcase classname="backend/tests/unit/stripeWebhook.test.js" name="HTTP method restrictions on /webhook &gt; should return 405 for GET" time="0.0126926">
        </testcase>
        <testcase classname="backend/tests/unit/stripeWebhook.test.js" name="HTTP method restrictions on /webhook &gt; should return 405 for PUT" time="0.0078922">
        </testcase>
        <testcase classname="backend/tests/unit/stripeWebhook.test.js" name="HTTP method restrictions on /webhook &gt; should return 405 for DELETE" time="0.0162175">
        </testcase>
    </testsuite>
    <testsuite name="frontend/src/tests/DeliverableGeneration.test.tsx" timestamp="2025-07-02T12:57:18.397Z" hostname="DESKTOP-BGMEO6L" tests="13" failures="0" errors="0" skipped="4" time="3.0497806">
        <testcase classname="frontend/src/tests/DeliverableGeneration.test.tsx" name="F7-tests: Enhanced Deliverable Generation Tests &gt; should validate BUSINESS_BUILDER length and financial projections (700-800 words, 100-word financials)" time="0">
            <skipped/>
        </testcase>
        <testcase classname="frontend/src/tests/DeliverableGeneration.test.tsx" name="F7-tests: Enhanced Deliverable Generation Tests &gt; should validate SOCIAL_EMAIL format and word counts (3-7 posts, 3-5 emails)" time="0.8774857">
            <system-out>
[DeliverableGeneration] Page loaded, starting generation process
[DeliverableGeneration] Starting deliverable generation
Generation step: [33m0[39m Timed out: [33mfalse[39m
Generation step: [33m1[39m Timed out: [33mfalse[39m
Generation step: [33m2[39m Timed out: [33mfalse[39m
Generation step: [33m3[39m Timed out: [33mfalse[39m
Generation step: [33m4[39m Timed out: [33mfalse[39m
Generation step: [33m5[39m Timed out: [33mfalse[39m
[DeliverableGeneration] Generating content with API
[DeliverableGeneration] Calling generateDeliverableContent {
  productType: [32m&apos;SOCIAL_EMAIL&apos;[39m,
  intentMirrorInputs: {
    businessName: [32m&apos;Sprinkle Haven Bakery&apos;[39m,
    targetAudience: [32m&apos;Denver families&apos;[39m,
    primaryGoal: [32m&apos;funding&apos;[39m,
    competitiveContext: [32m&apos;Blue Moon Bakery&apos;[39m,
    brandVoice: [32m&apos;warm&apos;[39m,
    resourceConstraints: [32m&apos;$50k budget; team of 3; 6 months&apos;[39m,
    currentStatus: [32m&apos;Planning phase&apos;[39m,
    businessDescription: [32m&apos;Artisanal bakery offering organic pastries&apos;[39m,
    revenueModel: [32m&apos;Sales, events&apos;[39m,
    planPurpose: [32m&apos;investor&apos;[39m,
    location: [32m&apos;Denver, CO&apos;[39m,
    uniqueValue: [32m&apos;Organic, community-focused pastries&apos;[39m
  }
}
[DeliverableGeneration] Content generated successfully

            </system-out>
            <system-err>
⚠️ React Router Future Flag Warning: React Router will begin wrapping state updates in `React.startTransition` in v7. You can use the `v7_startTransition` future flag to opt-in early. For more information, see https://reactrouter.com/v6/upgrading/future#v7_starttransition.
⚠️ React Router Future Flag Warning: Relative route resolution within Splat routes is changing in v7. You can use the `v7_relativeSplatPath` future flag to opt-in early. For more information, see https://reactrouter.com/v6/upgrading/future#v7_relativesplatpath.

            </system-err>
        </testcase>
        <testcase classname="frontend/src/tests/DeliverableGeneration.test.tsx" name="F7-tests: Enhanced Deliverable Generation Tests &gt; should validate SITE_AUDIT length and structure (300-400 words audit + 100-150 words recommendations)" time="0.1928895">
            <system-out>
[DeliverableGeneration] Page loaded, starting generation process
[DeliverableGeneration] Starting deliverable generation
Generation step: [33m0[39m Timed out: [33mfalse[39m
Generation step: [33m1[39m Timed out: [33mfalse[39m
Generation step: [33m2[39m Timed out: [33mfalse[39m
Generation step: [33m3[39m Timed out: [33mfalse[39m
Generation step: [33m4[39m Timed out: [33mfalse[39m
Generation step: [33m5[39m Timed out: [33mfalse[39m
[DeliverableGeneration] Generating content with API
[DeliverableGeneration] Calling generateDeliverableContent {
  productType: [32m&apos;SITE_AUDIT&apos;[39m,
  intentMirrorInputs: {
    businessName: [32m&apos;Sprinkle Haven Bakery&apos;[39m,
    targetAudience: [32m&apos;Denver families&apos;[39m,
    primaryGoal: [32m&apos;funding&apos;[39m,
    competitiveContext: [32m&apos;Blue Moon Bakery&apos;[39m,
    brandVoice: [32m&apos;warm&apos;[39m,
    resourceConstraints: [32m&apos;$50k budget; team of 3; 6 months&apos;[39m,
    currentStatus: [32m&apos;Planning phase&apos;[39m,
    businessDescription: [32m&apos;Artisanal bakery offering organic pastries&apos;[39m,
    revenueModel: [32m&apos;Sales, events&apos;[39m,
    planPurpose: [32m&apos;investor&apos;[39m,
    location: [32m&apos;Denver, CO&apos;[39m,
    uniqueValue: [32m&apos;Organic, community-focused pastries&apos;[39m
  }
}

[DeliverableGeneration] Content generated successfully

            </system-out>
        </testcase>
        <testcase classname="frontend/src/tests/DeliverableGeneration.test.tsx" name="F7-tests: Enhanced Deliverable Generation Tests &gt; should validate emotional resonance scoring with Hume AI requirements" time="0.189487">
            <system-out>
[DeliverableGeneration] Page loaded, starting generation process
[DeliverableGeneration] Starting deliverable generation
Generation step: [33m0[39m Timed out: [33mfalse[39m
Generation step: [33m1[39m Timed out: [33mfalse[39m
Generation step: [33m2[39m Timed out: [33mfalse[39m
Generation step: [33m3[39m Timed out: [33mfalse[39m
Generation step: [33m4[39m Timed out: [33mfalse[39m
Generation step: [33m5[39m Timed out: [33mfalse[39m
[DeliverableGeneration] Generating content with API
[DeliverableGeneration] Calling generateDeliverableContent {
  productType: [32m&apos;SITE_AUDIT&apos;[39m,
  intentMirrorInputs: {
    businessName: [32m&apos;Sprinkle Haven Bakery&apos;[39m,
    targetAudience: [32m&apos;Denver families&apos;[39m,
    primaryGoal: [32m&apos;funding&apos;[39m,
    competitiveContext: [32m&apos;Blue Moon Bakery&apos;[39m,
    brandVoice: [32m&apos;warm&apos;[39m,
    resourceConstraints: [32m&apos;$50k budget; team of 3; 6 months&apos;[39m,
    currentStatus: [32m&apos;Planning phase&apos;[39m,
    businessDescription: [32m&apos;Artisanal bakery offering organic pastries&apos;[39m,
    revenueModel: [32m&apos;Sales, events&apos;[39m,
    planPurpose: [32m&apos;investor&apos;[39m,
    location: [32m&apos;Denver, CO&apos;[39m,
    uniqueValue: [32m&apos;Organic, community-focused pastries&apos;[39m
  }
}

[DeliverableGeneration] Content generated successfully

            </system-out>
        </testcase>
        <testcase classname="frontend/src/tests/DeliverableGeneration.test.tsx" name="F7-tests: Enhanced Deliverable Generation Tests &gt; should handle revision requests with proper API calls" time="1.1263883">
            <system-out>
[DeliverableGeneration] Page loaded, starting generation process
[DeliverableGeneration] Starting deliverable generation
Generation step: [33m0[39m Timed out: [33mfalse[39m
Generation step: [33m1[39m Timed out: [33mfalse[39m
Generation step: [33m2[39m Timed out: [33mfalse[39m
Generation step: [33m3[39m Timed out: [33mfalse[39m
Generation step: [33m4[39m Timed out: [33mfalse[39m
Generation step: [33m5[39m Timed out: [33mfalse[39m
[DeliverableGeneration] Generating content with API
[DeliverableGeneration] Calling generateDeliverableContent {
  productType: [32m&apos;SITE_AUDIT&apos;[39m,
  intentMirrorInputs: {
    businessName: [32m&apos;Sprinkle Haven Bakery&apos;[39m,
    targetAudience: [32m&apos;Denver families&apos;[39m,
    primaryGoal: [32m&apos;funding&apos;[39m,
    competitiveContext: [32m&apos;Blue Moon Bakery&apos;[39m,
    brandVoice: [32m&apos;warm&apos;[39m,
    resourceConstraints: [32m&apos;$50k budget; team of 3; 6 months&apos;[39m,
    currentStatus: [32m&apos;Planning phase&apos;[39m,
    businessDescription: [32m&apos;Artisanal bakery offering organic pastries&apos;[39m,
    revenueModel: [32m&apos;Sales, events&apos;[39m,
    planPurpose: [32m&apos;investor&apos;[39m,
    location: [32m&apos;Denver, CO&apos;[39m,
    uniqueValue: [32m&apos;Organic, community-focused pastries&apos;[39m
  }
}

[DeliverableGeneration] Content generated successfully

Revision button visible? {
  id: [32m&apos;del-1751461025448&apos;[39m,
  content: [32m&apos;Website Audit Report\n&apos;[39m +
    [32m&apos;\n&apos;[39m +
    [32m&apos;Current State Analysis (320 words)\n&apos;[39m +
    [32m&apos;Sprinkle Haven Bakery, Denver families, Blue Moon Bakery, organic ingredients, page load speeds, mobile responsiveness, local SEO, conversion optimization.\n&apos;[39m +
    [32m&apos;\n&apos;[39m +
    [32m&apos;Strategic Recommendations (130 words)\n&apos;[39m +
    [32m&apos;Improve SEO, optimize for mobile, highlight $50k budget, emphasize warm brand.&apos;[39m,
  productType: [32m&apos;SITE_AUDIT&apos;[39m,
  promptId: [32m&apos;test&apos;[39m,
  generatedAt: [32m&apos;2025-07-02T12:57:05.448Z&apos;[39m,
  revisionCount: [33m0[39m,
  pdfUrl: [32m&apos;https://example.com/deliverables/test.pdf&apos;[39m,
  emotionalResonance: {
    canaiScore: [33m0.85[39m,
    genericScore: [33m0.65[39m,
    delta: [33m0.2[39m,
    arousal: [33m0.7[39m,
    valence: [33m0.8[39m,
    isValid: [33mtrue[39m
  }
}

            </system-out>
        </testcase>
        <testcase classname="frontend/src/tests/DeliverableGeneration.test.tsx" name="F7-tests: Enhanced Deliverable Generation Tests &gt; should enforce regeneration limit and track attempts" time="0.1971916">
            <system-out>
[DeliverableGeneration] Page loaded, starting generation process
[DeliverableGeneration] Starting deliverable generation
Generation step: [33m0[39m Timed out: [33mfalse[39m
Generation step: [33m1[39m Timed out: [33mfalse[39m
Generation step: [33m2[39m Timed out: [33mfalse[39m
Generation step: [33m3[39m Timed out: [33mfalse[39m
Generation step: [33m4[39m Timed out: [33mfalse[39m
Generation step: [33m5[39m Timed out: [33mfalse[39m
[DeliverableGeneration] Generating content with API
[DeliverableGeneration] Calling generateDeliverableContent {
  productType: [32m&apos;SITE_AUDIT&apos;[39m,
  intentMirrorInputs: {
    businessName: [32m&apos;Sprinkle Haven Bakery&apos;[39m,
    targetAudience: [32m&apos;Denver families&apos;[39m,
    primaryGoal: [32m&apos;funding&apos;[39m,
    competitiveContext: [32m&apos;Blue Moon Bakery&apos;[39m,
    brandVoice: [32m&apos;warm&apos;[39m,
    resourceConstraints: [32m&apos;$50k budget; team of 3; 6 months&apos;[39m,
    currentStatus: [32m&apos;Planning phase&apos;[39m,
    businessDescription: [32m&apos;Artisanal bakery offering organic pastries&apos;[39m,
    revenueModel: [32m&apos;Sales, events&apos;[39m,
    planPurpose: [32m&apos;investor&apos;[39m,
    location: [32m&apos;Denver, CO&apos;[39m,
    uniqueValue: [32m&apos;Organic, community-focused pastries&apos;[39m
  }
}

[DeliverableGeneration] Content generated successfully

Regenerate button visible? {
  id: [32m&apos;del-1751461026516&apos;[39m,
  content: [32m&apos;Website Audit Report\n&apos;[39m +
    [32m&apos;\n&apos;[39m +
    [32m&apos;Current State Analysis (320 words)\n&apos;[39m +
    [32m&apos;Sprinkle Haven Bakery, Denver families, Blue Moon Bakery, organic ingredients, page load speeds, mobile responsiveness, local SEO, conversion optimization.\n&apos;[39m +
    [32m&apos;\n&apos;[39m +
    [32m&apos;Strategic Recommendations (130 words)\n&apos;[39m +
    [32m&apos;Improve SEO, optimize for mobile, highlight $50k budget, emphasize warm brand.&apos;[39m,
  productType: [32m&apos;SITE_AUDIT&apos;[39m,
  promptId: [32m&apos;test&apos;[39m,
  generatedAt: [32m&apos;2025-07-02T12:57:06.516Z&apos;[39m,
  revisionCount: [33m0[39m,
  pdfUrl: [32m&apos;https://example.com/deliverables/test.pdf&apos;[39m,
  emotionalResonance: {
    canaiScore: [33m0.85[39m,
    genericScore: [33m0.65[39m,
    delta: [33m0.2[39m,
    arousal: [33m0.7[39m,
    valence: [33m0.8[39m,
    isValid: [33mtrue[39m
  }
}

Regenerate button visible? {
  id: [32m&apos;del-1751461026516&apos;[39m,
  content: [32m&apos;Regenerated output&apos;[39m,
  productType: [32m&apos;SITE_AUDIT&apos;[39m,
  promptId: [32m&apos;test&apos;[39m,
  generatedAt: [32m&apos;2025-07-02T12:57:06.633Z&apos;[39m,
  revisionCount: [33m0[39m,
  pdfUrl: [32m&apos;https://example.com/deliverables/test.pdf&apos;[39m,
  emotionalResonance: {
    canaiScore: [33m0.85[39m,
    genericScore: [33m0.65[39m,
    delta: [33m0.2[39m,
    arousal: [33m0.7[39m,
    valence: [33m0.8[39m,
    isValid: [33mtrue[39m
  }
}

            </system-out>
        </testcase>
        <testcase classname="frontend/src/tests/DeliverableGeneration.test.tsx" name="F7-tests: Enhanced Deliverable Generation Tests &gt; should display branding note with correct ID" time="0.0803932">
            <system-out>
[DeliverableGeneration] Page loaded, starting generation process
[DeliverableGeneration] Starting deliverable generation
Generation step: [33m0[39m Timed out: [33mfalse[39m
Generation step: [33m1[39m Timed out: [33mfalse[39m
Generation step: [33m2[39m Timed out: [33mfalse[39m
Generation step: [33m3[39m Timed out: [33mfalse[39m
Generation step: [33m4[39m Timed out: [33mfalse[39m
Generation step: [33m5[39m Timed out: [33mfalse[39m
[DeliverableGeneration] Generating content with API
[DeliverableGeneration] Calling generateDeliverableContent {
  productType: [32m&apos;SITE_AUDIT&apos;[39m,
  intentMirrorInputs: {
    businessName: [32m&apos;Sprinkle Haven Bakery&apos;[39m,
    targetAudience: [32m&apos;Denver families&apos;[39m,
    primaryGoal: [32m&apos;funding&apos;[39m,
    competitiveContext: [32m&apos;Blue Moon Bakery&apos;[39m,
    brandVoice: [32m&apos;warm&apos;[39m,
    resourceConstraints: [32m&apos;$50k budget; team of 3; 6 months&apos;[39m,
    currentStatus: [32m&apos;Planning phase&apos;[39m,
    businessDescription: [32m&apos;Artisanal bakery offering organic pastries&apos;[39m,
    revenueModel: [32m&apos;Sales, events&apos;[39m,
    planPurpose: [32m&apos;investor&apos;[39m,
    location: [32m&apos;Denver, CO&apos;[39m,
    uniqueValue: [32m&apos;Organic, community-focused pastries&apos;[39m
  }
}

[DeliverableGeneration] Content generated successfully

            </system-out>
        </testcase>
        <testcase classname="frontend/src/tests/DeliverableGeneration.test.tsx" name="F7-tests: Enhanced Deliverable Generation Tests &gt; should handle timeout errors with proper fallback UI" time="0.0747642">
            <system-out>
[DeliverableGeneration] Page loaded, starting generation process
[DeliverableGeneration] Starting deliverable generation
Generation step: [33m0[39m Timed out: [33mfalse[39m
Generation step: [33m1[39m Timed out: [33mfalse[39m
Generation step: [33m2[39m Timed out: [33mfalse[39m
Generation step: [33m3[39m Timed out: [33mfalse[39m
Generation step: [33m4[39m Timed out: [33mfalse[39m
Generation step: [33m5[39m Timed out: [33mfalse[39m
[DeliverableGeneration] Generating content with API
[DeliverableGeneration] Calling generateDeliverableContent {
  productType: [32m&apos;SITE_AUDIT&apos;[39m,
  intentMirrorInputs: {
    businessName: [32m&apos;Sprinkle Haven Bakery&apos;[39m,
    targetAudience: [32m&apos;Denver families&apos;[39m,
    primaryGoal: [32m&apos;funding&apos;[39m,
    competitiveContext: [32m&apos;Blue Moon Bakery&apos;[39m,
    brandVoice: [32m&apos;warm&apos;[39m,
    resourceConstraints: [32m&apos;$50k budget; team of 3; 6 months&apos;[39m,
    currentStatus: [32m&apos;Planning phase&apos;[39m,
    businessDescription: [32m&apos;Artisanal bakery offering organic pastries&apos;[39m,
    revenueModel: [32m&apos;Sales, events&apos;[39m,
    planPurpose: [32m&apos;investor&apos;[39m,
    location: [32m&apos;Denver, CO&apos;[39m,
    uniqueValue: [32m&apos;Organic, community-focused pastries&apos;[39m
  }
}

            </system-out>
            <system-err>
[DeliverableGeneration] Generation failed: Error: Request timeout
    at [90mC:\Projects\canai-platform\[39mfrontend\src\tests\DeliverableGeneration.test.tsx:530:7
    at [90mfile:///C:/Projects/canai-platform/[39mnode_modules/[4m@vitest[24m/runner/dist/chunk-hooks.js:155:11
    at [90mfile:///C:/Projects/canai-platform/[39mnode_modules/[4m@vitest[24m/runner/dist/chunk-hooks.js:752:26
    at [90mfile:///C:/Projects/canai-platform/[39mnode_modules/[4m@vitest[24m/runner/dist/chunk-hooks.js:1897:20
    at new Promise (&lt;anonymous&gt;)
    at runWithTimeout [90m(file:///C:/Projects/canai-platform/[39mnode_modules/[4m@vitest[24m/runner/dist/chunk-hooks.js:1863:10[90m)[39m
    at runTest [90m(file:///C:/Projects/canai-platform/[39mnode_modules/[4m@vitest[24m/runner/dist/chunk-hooks.js:1574:12[90m)[39m
    at runSuite [90m(file:///C:/Projects/canai-platform/[39mnode_modules/[4m@vitest[24m/runner/dist/chunk-hooks.js:1729:8[90m)[39m
    at runSuite [90m(file:///C:/Projects/canai-platform/[39mnode_modules/[4m@vitest[24m/runner/dist/chunk-hooks.js:1729:8[90m)[39m
    at runFiles [90m(file:///C:/Projects/canai-platform/[39mnode_modules/[4m@vitest[24m/runner/dist/chunk-hooks.js:1787:3[90m)[39m

            </system-err>
        </testcase>
        <testcase classname="frontend/src/tests/DeliverableGeneration.test.tsx" name="F7-tests: Enhanced Deliverable Generation Tests &gt; should validate step-by-step generation progress" time="0">
            <skipped/>
        </testcase>
        <testcase classname="frontend/src/tests/DeliverableGeneration.test.tsx" name="F7-tests: Enhanced Deliverable Generation Tests &gt; should integrate Sprinkle Haven Bakery context in all deliverable types" time="0">
            <skipped/>
        </testcase>
        <testcase classname="frontend/src/tests/DeliverableGeneration.test.tsx" name="F7-tests: Enhanced Deliverable Generation Tests &gt; should validate collapsible content sections and copy functionality" time="0.3010133">
            <system-out>
[DeliverableGeneration] Page loaded, starting generation process
[DeliverableGeneration] Starting deliverable generation
Generation step: [33m0[39m Timed out: [33mfalse[39m
Generation step: [33m1[39m Timed out: [33mfalse[39m
Generation step: [33m2[39m Timed out: [33mfalse[39m
Generation step: [33m3[39m Timed out: [33mfalse[39m
Generation step: [33m4[39m Timed out: [33mfalse[39m
Generation step: [33m5[39m Timed out: [33mfalse[39m
[DeliverableGeneration] Generating content with API
[DeliverableGeneration] Calling generateDeliverableContent {
  productType: [32m&apos;BUSINESS_BUILDER&apos;[39m,
  intentMirrorInputs: {
    businessName: [32m&apos;Sprinkle Haven Bakery&apos;[39m,
    targetAudience: [32m&apos;Denver families&apos;[39m,
    primaryGoal: [32m&apos;funding&apos;[39m,
    competitiveContext: [32m&apos;Blue Moon Bakery&apos;[39m,
    brandVoice: [32m&apos;warm&apos;[39m,
    resourceConstraints: [32m&apos;$50k budget; team of 3; 6 months&apos;[39m,
    currentStatus: [32m&apos;Planning phase&apos;[39m,
    businessDescription: [32m&apos;Artisanal bakery offering organic pastries&apos;[39m,
    revenueModel: [32m&apos;Sales, events&apos;[39m,
    planPurpose: [32m&apos;investor&apos;[39m,
    location: [32m&apos;Denver, CO&apos;[39m,
    uniqueValue: [32m&apos;Organic, community-focused pastries&apos;[39m
  }
}

[DeliverableGeneration] Content generated successfully

All button texts: [
  [32m&apos;← Back&apos;[39m,
  [32m&apos;Regenerate (0/2)&apos;[39m,
  [32m&apos;Download PDF&apos;[39m,
  [32m&apos;## Financial Projections (100 words)&apos;[39m,
  [32m&apos;&apos;[39m,
  [32m&apos;Apply Revision&apos;[39m
]
Toggle buttons found: [33m1[39m
Copy button found: [33mtrue[39m
About to click copy button

Clicked copy button, asserting clipboard

            </system-out>
        </testcase>
        <testcase classname="frontend/src/tests/DeliverableGeneration.test.tsx" name="F7-tests: Enhanced Deliverable Generation Tests &gt; should validate multi-step loading with retry mechanism" time="0">
            <skipped/>
        </testcase>
        <testcase classname="frontend/src/tests/DeliverableGeneration.test.tsx" name="some long-running test" time="0.001097">
        </testcase>
    </testsuite>
    <testsuite name="frontend/src/tests/F9-feedback-flow.test.tsx" timestamp="2025-07-02T12:57:18.407Z" hostname="DESKTOP-BGMEO6L" tests="8" failures="0" errors="0" skipped="2" time="1.8778848">
        <testcase classname="frontend/src/tests/F9-feedback-flow.test.tsx" name="FeedbackPage &gt; renders main feedback form elements" time="1.0691623">
            <system-err>
⚠️ React Router Future Flag Warning: React Router will begin wrapping state updates in `React.startTransition` in v7. You can use the `v7_startTransition` future flag to opt-in early. For more information, see https://reactrouter.com/v6/upgrading/future#v7_starttransition.
⚠️ React Router Future Flag Warning: Relative route resolution within Splat routes is changing in v7. You can use the `v7_relativeSplatPath` future flag to opt-in early. For more information, see https://reactrouter.com/v6/upgrading/future#v7_relativesplatpath.

            </system-err>
        </testcase>
        <testcase classname="frontend/src/tests/F9-feedback-flow.test.tsx" name="FeedbackPage &gt; displays star rating component" time="0.1557189">
        </testcase>
        <testcase classname="frontend/src/tests/F9-feedback-flow.test.tsx" name="FeedbackPage &gt; shows enhanced social sharing options" time="0.2075486">
        </testcase>
        <testcase classname="frontend/src/tests/F9-feedback-flow.test.tsx" name="FeedbackPage &gt; displays enhanced referral component" time="0.1237435">
        </testcase>
        <testcase classname="frontend/src/tests/F9-feedback-flow.test.tsx" name="FeedbackPage &gt; handles form submission with success animation" time="0">
            <skipped/>
        </testcase>
        <testcase classname="frontend/src/tests/F9-feedback-flow.test.tsx" name="FeedbackPage &gt; referral link generation and copying" time="0.2029018">
        </testcase>
        <testcase classname="frontend/src/tests/F9-feedback-flow.test.tsx" name="FeedbackPage &gt; post-submission state shows thank you message" time="0">
            <skipped/>
        </testcase>
        <testcase classname="frontend/src/tests/F9-feedback-flow.test.tsx" name="FeedbackPage &gt; danger zone purge functionality" time="0.1115677">
        </testcase>
    </testsuite>
    <testsuite name="frontend/src/tests/IntentMirror.test.tsx" timestamp="2025-07-02T12:57:18.412Z" hostname="DESKTOP-BGMEO6L" tests="11" failures="0" errors="0" skipped="0" time="2.3179281">
        <testcase classname="frontend/src/tests/IntentMirror.test.tsx" name="IntentMirror (F6-tests) &gt; renders loading state initially" time="0.4489032">
            <system-out>
[API] POST /v1/intent-mirror called with: {
  businessName: [32m&apos;Sprinkle Haven Bakery&apos;[39m,
  targetAudience: [32m&apos;Denver families with children seeking organic, artisanal baked goods&apos;[39m,
  primaryGoal: [32m&apos;Secure $200K investor funding for bakery launch&apos;[39m,
  competitiveContext: [32m&apos;Competing with Blue Moon Bakery and chain stores&apos;[39m,
  brandVoice: [32m&apos;warm&apos;[39m,
  resourceConstraints: [32m&apos;$50k initial budget; team of 3; 6-month timeline&apos;[39m,
  currentStatus: [32m&apos;Planning phase with market research completed&apos;[39m,
  businessDescription: [32m&apos;Artisanal neighborhood bakery specializing in organic pastries&apos;[39m,
  revenueModel: [32m&apos;Retail sales, custom orders, baking workshops, catering events&apos;[39m,
  planPurpose: [32m&apos;Secure investor funding and establish market presence&apos;[39m,
  location: [32m&apos;Denver, Colorado&apos;[39m,
  uniqueValue: [32m&apos;Organic, community-focused pastries with interactive family baking workshops&apos;[39m
}
Confirm button state: [33mfalse[39m

            </system-out>
        </testcase>
        <testcase classname="frontend/src/tests/IntentMirror.test.tsx" name="IntentMirror (F6-tests) &gt; displays summary and confidence gauge after loading" time="0.3245959">
            <system-out>
[API] POST /v1/intent-mirror called with: {
  businessName: [32m&apos;Sprinkle Haven Bakery&apos;[39m,
  targetAudience: [32m&apos;Denver families with children seeking organic, artisanal baked goods&apos;[39m,
  primaryGoal: [32m&apos;Secure $200K investor funding for bakery launch&apos;[39m,
  competitiveContext: [32m&apos;Competing with Blue Moon Bakery and chain stores&apos;[39m,
  brandVoice: [32m&apos;warm&apos;[39m,
  resourceConstraints: [32m&apos;$50k initial budget; team of 3; 6-month timeline&apos;[39m,
  currentStatus: [32m&apos;Planning phase with market research completed&apos;[39m,
  businessDescription: [32m&apos;Artisanal neighborhood bakery specializing in organic pastries&apos;[39m,
  revenueModel: [32m&apos;Retail sales, custom orders, baking workshops, catering events&apos;[39m,
  planPurpose: [32m&apos;Secure investor funding and establish market presence&apos;[39m,
  location: [32m&apos;Denver, Colorado&apos;[39m,
  uniqueValue: [32m&apos;Organic, community-focused pastries with interactive family baking workshops&apos;[39m
}
Confirm button state: [33mfalse[39m

[API] Intent mirror generated in 24ms: {
  summary: [32m&apos;Create a family-friendly bakery&apos;[39m,
  confidenceScore: [33m0.85[39m,
  clarifyingQuestions: []
}

Intent mirror loaded: { promptId: [32m&apos;test-prompt-123&apos;[39m, confidence: [33m0.85[39m, loadTime: [33m32[39m }

Confirm button props: { id: [32m&apos;confirm-btn&apos;[39m, disabled: [33mtrue[39m, text: [32m&apos;Confirm&apos;[39m }

            </system-out>
        </testcase>
        <testcase classname="frontend/src/tests/IntentMirror.test.tsx" name="IntentMirror (F6-tests) &gt; shows clarifying questions when confidence &lt; 0.8" time="0.1363295">
            <system-out>
[API] POST /v1/intent-mirror called with: {
  businessName: [32m&apos;Sprinkle Haven Bakery&apos;[39m,
  targetAudience: [32m&apos;Denver families with children seeking organic, artisanal baked goods&apos;[39m,
  primaryGoal: [32m&apos;Secure $200K investor funding for bakery launch&apos;[39m,
  competitiveContext: [32m&apos;Competing with Blue Moon Bakery and chain stores&apos;[39m,
  brandVoice: [32m&apos;warm&apos;[39m,
  resourceConstraints: [32m&apos;$50k initial budget; team of 3; 6-month timeline&apos;[39m,
  currentStatus: [32m&apos;Planning phase with market research completed&apos;[39m,
  businessDescription: [32m&apos;Artisanal neighborhood bakery specializing in organic pastries&apos;[39m,
  revenueModel: [32m&apos;Retail sales, custom orders, baking workshops, catering events&apos;[39m,
  planPurpose: [32m&apos;Secure investor funding and establish market presence&apos;[39m,
  location: [32m&apos;Denver, Colorado&apos;[39m,
  uniqueValue: [32m&apos;Organic, community-focused pastries with interactive family baking workshops&apos;[39m
}
Confirm button state: [33mfalse[39m

[API] Intent mirror generated in 21ms: {
  summary: [32m&apos;Create a family-friendly bakery&apos;[39m,
  confidenceScore: [33m0.85[39m,
  clarifyingQuestions: []
}

Intent mirror loaded: { promptId: [32m&apos;test-prompt-123&apos;[39m, confidence: [33m0.85[39m, loadTime: [33m30[39m }

Confirm button props: { id: [32m&apos;confirm-btn&apos;[39m, disabled: [33mtrue[39m, text: [32m&apos;Confirm&apos;[39m }

            </system-out>
        </testcase>
        <testcase classname="frontend/src/tests/IntentMirror.test.tsx" name="IntentMirror (F6-tests) &gt; handles confirm button click" time="0.4248737">
            <system-out>
[API] POST /v1/intent-mirror called with: {
  businessName: [32m&apos;Sprinkle Haven Bakery&apos;[39m,
  targetAudience: [32m&apos;Denver families with children seeking organic, artisanal baked goods&apos;[39m,
  primaryGoal: [32m&apos;Secure $200K investor funding for bakery launch&apos;[39m,
  competitiveContext: [32m&apos;Competing with Blue Moon Bakery and chain stores&apos;[39m,
  brandVoice: [32m&apos;warm&apos;[39m,
  resourceConstraints: [32m&apos;$50k initial budget; team of 3; 6-month timeline&apos;[39m,
  currentStatus: [32m&apos;Planning phase with market research completed&apos;[39m,
  businessDescription: [32m&apos;Artisanal neighborhood bakery specializing in organic pastries&apos;[39m,
  revenueModel: [32m&apos;Retail sales, custom orders, baking workshops, catering events&apos;[39m,
  planPurpose: [32m&apos;Secure investor funding and establish market presence&apos;[39m,
  location: [32m&apos;Denver, Colorado&apos;[39m,
  uniqueValue: [32m&apos;Organic, community-focused pastries with interactive family baking workshops&apos;[39m
}
Confirm button state: [33mfalse[39m

[API] Intent mirror generated in 2ms: {
  summary: [32m&apos;Create a family-friendly bakery&apos;[39m,
  confidenceScore: [33m0.85[39m,
  clarifyingQuestions: []
}

Intent mirror loaded: { promptId: [32m&apos;test-prompt-123&apos;[39m, confidence: [33m0.85[39m, loadTime: [33m8[39m }

Confirm button props: { id: [32m&apos;confirm-btn&apos;[39m, disabled: [33mtrue[39m, text: [32m&apos;Confirm&apos;[39m }

            </system-out>
        </testcase>
        <testcase classname="frontend/src/tests/IntentMirror.test.tsx" name="IntentMirror (F6-tests) &gt; confirm button disabled during confirm action" time="0.3532627">
            <system-out>
[API] POST /v1/intent-mirror called with: {
  businessName: [32m&apos;Sprinkle Haven Bakery&apos;[39m,
  targetAudience: [32m&apos;Denver families with children seeking organic, artisanal baked goods&apos;[39m,
  primaryGoal: [32m&apos;Secure $200K investor funding for bakery launch&apos;[39m,
  competitiveContext: [32m&apos;Competing with Blue Moon Bakery and chain stores&apos;[39m,
  brandVoice: [32m&apos;warm&apos;[39m,
  resourceConstraints: [32m&apos;$50k initial budget; team of 3; 6-month timeline&apos;[39m,
  currentStatus: [32m&apos;Planning phase with market research completed&apos;[39m,
  businessDescription: [32m&apos;Artisanal neighborhood bakery specializing in organic pastries&apos;[39m,
  revenueModel: [32m&apos;Retail sales, custom orders, baking workshops, catering events&apos;[39m,
  planPurpose: [32m&apos;Secure investor funding and establish market presence&apos;[39m,
  location: [32m&apos;Denver, Colorado&apos;[39m,
  uniqueValue: [32m&apos;Organic, community-focused pastries with interactive family baking workshops&apos;[39m
}
Confirm button state: [33mfalse[39m

[API] Intent mirror generated in 2ms: {
  summary: [32m&apos;Create a family-friendly bakery&apos;[39m,
  confidenceScore: [33m0.85[39m,
  clarifyingQuestions: []
}

Intent mirror loaded: { promptId: [32m&apos;test-prompt-123&apos;[39m, confidence: [33m0.85[39m, loadTime: [33m8[39m }

Confirm button props: { id: [32m&apos;confirm-btn&apos;[39m, disabled: [33mtrue[39m, text: [32m&apos;Confirm&apos;[39m }

            </system-out>
        </testcase>
        <testcase classname="frontend/src/tests/IntentMirror.test.tsx" name="IntentMirror (F6-tests) &gt; handles edit button functionality" time="0.000696">
        </testcase>
        <testcase classname="frontend/src/tests/IntentMirror.test.tsx" name="IntentMirror (F6-tests) &gt; displays field-specific edit buttons" time="0.1490941">
            <system-out>
[API] POST /v1/intent-mirror called with: {
  businessName: [32m&apos;Sprinkle Haven Bakery&apos;[39m,
  targetAudience: [32m&apos;Denver families with children seeking organic, artisanal baked goods&apos;[39m,
  primaryGoal: [32m&apos;Secure $200K investor funding for bakery launch&apos;[39m,
  competitiveContext: [32m&apos;Competing with Blue Moon Bakery and chain stores&apos;[39m,
  brandVoice: [32m&apos;warm&apos;[39m,
  resourceConstraints: [32m&apos;$50k initial budget; team of 3; 6-month timeline&apos;[39m,
  currentStatus: [32m&apos;Planning phase with market research completed&apos;[39m,
  businessDescription: [32m&apos;Artisanal neighborhood bakery specializing in organic pastries&apos;[39m,
  revenueModel: [32m&apos;Retail sales, custom orders, baking workshops, catering events&apos;[39m,
  planPurpose: [32m&apos;Secure investor funding and establish market presence&apos;[39m,
  location: [32m&apos;Denver, Colorado&apos;[39m,
  uniqueValue: [32m&apos;Organic, community-focused pastries with interactive family baking workshops&apos;[39m
}
Confirm button state: [33mfalse[39m

[API] Intent mirror generated in 7ms: {
  summary: [32m&apos;Create a family-friendly bakery&apos;[39m,
  confidenceScore: [33m0.85[39m,
  clarifyingQuestions: []
}

Intent mirror loaded: { promptId: [32m&apos;test-prompt-123&apos;[39m, confidence: [33m0.85[39m, loadTime: [33m17[39m }

Confirm button props: { id: [32m&apos;confirm-btn&apos;[39m, disabled: [33mtrue[39m, text: [32m&apos;Confirm&apos;[39m }

            </system-out>
        </testcase>
        <testcase classname="frontend/src/tests/IntentMirror.test.tsx" name="IntentMirror (F6-tests) &gt; shows support link after multiple low confidence attempts" time="0.1184316">
            <system-out>
[API] POST /v1/intent-mirror called with: {
  businessName: [32m&apos;Sprinkle Haven Bakery&apos;[39m,
  targetAudience: [32m&apos;Denver families with children seeking organic, artisanal baked goods&apos;[39m,
  primaryGoal: [32m&apos;Secure $200K investor funding for bakery launch&apos;[39m,
  competitiveContext: [32m&apos;Competing with Blue Moon Bakery and chain stores&apos;[39m,
  brandVoice: [32m&apos;warm&apos;[39m,
  resourceConstraints: [32m&apos;$50k initial budget; team of 3; 6-month timeline&apos;[39m,
  currentStatus: [32m&apos;Planning phase with market research completed&apos;[39m,
  businessDescription: [32m&apos;Artisanal neighborhood bakery specializing in organic pastries&apos;[39m,
  revenueModel: [32m&apos;Retail sales, custom orders, baking workshops, catering events&apos;[39m,
  planPurpose: [32m&apos;Secure investor funding and establish market presence&apos;[39m,
  location: [32m&apos;Denver, Colorado&apos;[39m,
  uniqueValue: [32m&apos;Organic, community-focused pastries with interactive family baking workshops&apos;[39m
}
Confirm button state: [33mfalse[39m

[API] Intent mirror generated in 6ms: {
  summary: [32m&apos;Create a family-friendly bakery&apos;[39m,
  confidenceScore: [33m0.85[39m,
  clarifyingQuestions: []
}

Intent mirror loaded: { promptId: [32m&apos;test-prompt-123&apos;[39m, confidence: [33m0.85[39m, loadTime: [33m12[39m }

Confirm button props: { id: [32m&apos;confirm-btn&apos;[39m, disabled: [33mtrue[39m, text: [32m&apos;Confirm&apos;[39m }

            </system-out>
        </testcase>
        <testcase classname="frontend/src/tests/IntentMirror.test.tsx" name="IntentMirror (F6-tests) &gt; implements retry logic on API failure" time="0.031148">
            <system-out>
[API] POST /v1/intent-mirror called with: {
  businessName: [32m&apos;Sprinkle Haven Bakery&apos;[39m,
  targetAudience: [32m&apos;Denver families with children seeking organic, artisanal baked goods&apos;[39m,
  primaryGoal: [32m&apos;Secure $200K investor funding for bakery launch&apos;[39m,
  competitiveContext: [32m&apos;Competing with Blue Moon Bakery and chain stores&apos;[39m,
  brandVoice: [32m&apos;warm&apos;[39m,
  resourceConstraints: [32m&apos;$50k initial budget; team of 3; 6-month timeline&apos;[39m,
  currentStatus: [32m&apos;Planning phase with market research completed&apos;[39m,
  businessDescription: [32m&apos;Artisanal neighborhood bakery specializing in organic pastries&apos;[39m,
  revenueModel: [32m&apos;Retail sales, custom orders, baking workshops, catering events&apos;[39m,
  planPurpose: [32m&apos;Secure investor funding and establish market presence&apos;[39m,
  location: [32m&apos;Denver, Colorado&apos;[39m,
  uniqueValue: [32m&apos;Organic, community-focused pastries with interactive family baking workshops&apos;[39m
}
Confirm button state: [33mfalse[39m

            </system-out>
        </testcase>
        <testcase classname="frontend/src/tests/IntentMirror.test.tsx" name="IntentMirror (F6-tests) &gt; performance: summary and score render within 300ms" time="0.1050295">
            <system-out>
[API] POST /v1/intent-mirror called with: {
  businessName: [32m&apos;Sprinkle Haven Bakery&apos;[39m,
  targetAudience: [32m&apos;Denver families with children seeking organic, artisanal baked goods&apos;[39m,
  primaryGoal: [32m&apos;Secure $200K investor funding for bakery launch&apos;[39m,
  competitiveContext: [32m&apos;Competing with Blue Moon Bakery and chain stores&apos;[39m,
  brandVoice: [32m&apos;warm&apos;[39m,
  resourceConstraints: [32m&apos;$50k initial budget; team of 3; 6-month timeline&apos;[39m,
  currentStatus: [32m&apos;Planning phase with market research completed&apos;[39m,
  businessDescription: [32m&apos;Artisanal neighborhood bakery specializing in organic pastries&apos;[39m,
  revenueModel: [32m&apos;Retail sales, custom orders, baking workshops, catering events&apos;[39m,
  planPurpose: [32m&apos;Secure investor funding and establish market presence&apos;[39m,
  location: [32m&apos;Denver, Colorado&apos;[39m,
  uniqueValue: [32m&apos;Organic, community-focused pastries with interactive family baking workshops&apos;[39m
}
Confirm button state: [33mfalse[39m

[API] Intent mirror generated in 7ms: {
  summary: [32m&apos;Create a family-friendly bakery&apos;[39m,
  confidenceScore: [33m0.85[39m,
  clarifyingQuestions: []
}

Intent mirror loaded: { promptId: [32m&apos;test-prompt-123&apos;[39m, confidence: [33m0.85[39m, loadTime: [33m12[39m }

Confirm button props: { id: [32m&apos;confirm-btn&apos;[39m, disabled: [33mtrue[39m, text: [32m&apos;Confirm&apos;[39m }

            </system-out>
        </testcase>
        <testcase classname="frontend/src/tests/IntentMirror.test.tsx" name="IntentMirror (F6-tests) &gt; handles navigation back to detailed input" time="0.1985791">
            <system-out>
[API] POST /v1/intent-mirror called with: {
  businessName: [32m&apos;Sprinkle Haven Bakery&apos;[39m,
  targetAudience: [32m&apos;Denver families with children seeking organic, artisanal baked goods&apos;[39m,
  primaryGoal: [32m&apos;Secure $200K investor funding for bakery launch&apos;[39m,
  competitiveContext: [32m&apos;Competing with Blue Moon Bakery and chain stores&apos;[39m,
  brandVoice: [32m&apos;warm&apos;[39m,
  resourceConstraints: [32m&apos;$50k initial budget; team of 3; 6-month timeline&apos;[39m,
  currentStatus: [32m&apos;Planning phase with market research completed&apos;[39m,
  businessDescription: [32m&apos;Artisanal neighborhood bakery specializing in organic pastries&apos;[39m,
  revenueModel: [32m&apos;Retail sales, custom orders, baking workshops, catering events&apos;[39m,
  planPurpose: [32m&apos;Secure investor funding and establish market presence&apos;[39m,
  location: [32m&apos;Denver, Colorado&apos;[39m,
  uniqueValue: [32m&apos;Organic, community-focused pastries with interactive family baking workshops&apos;[39m
}
Confirm button state: [33mfalse[39m

[API] Intent mirror generated in 18ms: {
  summary: [32m&apos;Create a family-friendly bakery&apos;[39m,
  confidenceScore: [33m0.85[39m,
  clarifyingQuestions: []
}

Intent mirror loaded: { promptId: [32m&apos;test-prompt-123&apos;[39m, confidence: [33m0.85[39m, loadTime: [33m31[39m }

Confirm button props: { id: [32m&apos;confirm-btn&apos;[39m, disabled: [33mtrue[39m, text: [32m&apos;Confirm&apos;[39m }

            </system-out>
        </testcase>
    </testsuite>
    <testsuite name="backend/tests/integration/supabase/prompt-logs.integration.test.ts" timestamp="2025-07-02T12:57:18.422Z" hostname="DESKTOP-BGMEO6L" tests="8" failures="0" errors="0" skipped="8" time="0">
        <testcase classname="backend/tests/integration/supabase/prompt-logs.integration.test.ts" name="prompt_logs CRUD &amp; RLS (F5: Input Collection) &gt; should create a prompt_log (POST /api/prompt-logs)" time="0">
            <skipped/>
        </testcase>
        <testcase classname="backend/tests/integration/supabase/prompt-logs.integration.test.ts" name="prompt_logs CRUD &amp; RLS (F5: Input Collection) &gt; should read own prompt_log (GET /api/prompt-logs/:id)" time="0">
            <skipped/>
        </testcase>
        <testcase classname="backend/tests/integration/supabase/prompt-logs.integration.test.ts" name="prompt_logs CRUD &amp; RLS (F5: Input Collection) &gt; should not allow another user to read prompt_log (GET /api/prompt-logs/:id)" time="0">
            <skipped/>
        </testcase>
        <testcase classname="backend/tests/integration/supabase/prompt-logs.integration.test.ts" name="prompt_logs CRUD &amp; RLS (F5: Input Collection) &gt; should update own prompt_log (PATCH /api/prompt-logs/:id)" time="0">
            <skipped/>
        </testcase>
        <testcase classname="backend/tests/integration/supabase/prompt-logs.integration.test.ts" name="prompt_logs CRUD &amp; RLS (F5: Input Collection) &gt; should delete own prompt_log (DELETE /api/prompt-logs/:id)" time="0">
            <skipped/>
        </testcase>
        <testcase classname="backend/tests/integration/supabase/prompt-logs.integration.test.ts" name="prompt_logs CRUD &amp; RLS (F5: Input Collection) &gt; should enforce RLS: unauthenticated cannot create/read/update/delete" time="0">
            <skipped/>
        </testcase>
        <testcase classname="backend/tests/integration/supabase/prompt-logs.integration.test.ts" name="prompt_logs CRUD &amp; RLS (F5: Input Collection) &gt; should reject constraint violations (POST /api/prompt-logs)" time="0">
            <skipped/>
        </testcase>
        <testcase classname="backend/tests/integration/supabase/prompt-logs.integration.test.ts" name="prompt_logs CRUD &amp; RLS (F5: Input Collection) &gt; should write audit log after create/update/delete" time="0">
            <skipped/>
        </testcase>
    </testsuite>
    <testsuite name="backend/tests/integration/supabase/supabase-connectivity.test.ts" timestamp="2025-07-02T12:57:18.427Z" hostname="DESKTOP-BGMEO6L" tests="2" failures="0" errors="0" skipped="0" time="0.0130049">
        <testcase classname="backend/tests/integration/supabase/supabase-connectivity.test.ts" name="Supabase Connectivity via /health endpoint &gt; should return healthy status if Supabase is reachable" time="0.00555">
        </testcase>
        <testcase classname="backend/tests/integration/supabase/supabase-connectivity.test.ts" name="Supabase Connectivity via /health endpoint &gt; should fail clearly if Supabase is not reachable" time="0.00196">
        </testcase>
    </testsuite>
    <testsuite name="backend/tests/integration/supabase/supabase-env-connectivity.test.ts" timestamp="2025-07-02T12:57:18.428Z" hostname="DESKTOP-BGMEO6L" tests="1" failures="0" errors="0" skipped="0" time="0.0153526">
        <testcase classname="backend/tests/integration/supabase/supabase-env-connectivity.test.ts" name="Supabase .env connectivity (debug) &gt; should print debug info and confirm env vars are set" time="0.0048651">
            <system-out>
CWD: C:\Projects\canai-platform
SUPABASE_URL: https://xegwrehxfbxbatsdpvqe.supabase.co
[SANITIZED] set

            </system-out>
        </testcase>
    </testsuite>
</testsuites>
